{"level":"debug","message":"________________ \nTue Dec 03 2024 13:27:42 GMT-0300 (Horário Padrão de Brasília)\n________________ \n\n execute: \n00574000066000051\n"}
{"level":"debug","message":"________________ \nTue Dec 03 2024 13:27:51 GMT-0300 (Horário Padrão de Brasília)\n________________ \n\n execute: \n00574000066000051\n"}
{"level":"debug","message":"________________ \nTue Dec 03 2024 13:27:55 GMT-0300 (Horário Padrão de Brasília)\n________________ \n\n execute: \n00574000066000051\n"}
{"level":"debug","message":"________________ Tue Dec 03 2024 13:28:30 GMT-0300 (Horário Padrão de Brasília)________________ 00574000066000051________________ "}
{"level":"debug","message":"________________ Tue Dec 03 2024 13:28:39 GMT-0300 (Horário Padrão de Brasília)________________ 00574000066000051________________ "}
{"level":"debug","message":"________________ Tue Dec 03 2024 13:28:40 GMT-0300 (Horário Padrão de Brasília)________________ 00574000066000051________________ "}
{"level":"debug","message":"________________ Tue Dec 03 2024 13:28:43 GMT-0300 (Horário Padrão de Brasília)________________ 00574000066000051________________ "}
{"level":"debug","message":"________________ Tue Dec 03 2024 13:33:14 GMT-0300 (Horário Padrão de Brasília)________________ 00574000066000051________________ "}
{"level":"debug","message":"________________ Tue Dec 03 2024 13:33:27 GMT-0300 (Horário Padrão de Brasília)________________ 00574000066000051________________ "}
{"level":"debug","message":"________________ Tue Dec 03 2024 13:33:37 GMT-0300 (Horário Padrão de Brasília)________________ 00574000066000051________________ "}
{"level":"debug","message":"________________ Tue Dec 03 2024 13:34:51 GMT-0300 (Horário Padrão de Brasília)________________ 00574000066000051________________ "}
{"level":"debug","message":"________________ Tue Dec 03 2024 13:35:00 GMT-0300 (Horário Padrão de Brasília)________________ 00574000066000051________________ "}
{"level":"debug","message":"________________ Tue Dec 03 2024 13:35:03 GMT-0300 (Horário Padrão de Brasília)________________ 00574000066000051________________ "}
{"level":"debug","message":"________________ Tue Dec 03 2024 13:52:01 GMT-0300 (Horário Padrão de Brasília)________________ 00574000066000051________________ "}
{"level":"debug","message":"________________ Tue Dec 03 2024 13:57:54 GMT-0300 (Horário Padrão de Brasília)________________ 00574000066000051________________ "}
{"level":"debug","message":"________________ Tue Dec 03 2024 13:58:08 GMT-0300 (Horário Padrão de Brasília)________________ 0057________________ "}
{"level":"debug","message":"________________ Tue Dec 03 2024 13:58:23 GMT-0300 (Horário Padrão de Brasília)________________ 00574000066000051________________ "}
{"level":"debug","message":"________________ Fri Dec 06 2024 15:18:35 GMT-0300 (Horário Padrão de Brasília)________________ 00572002518000017________________ "}
{"level":"debug","message":"________________ Fri Dec 06 2024 15:19:37 GMT-0300 (Horário Padrão de Brasília)________________ 00572002518000017________________ "}
{"level":"debug","message":"________________ Fri Dec 06 2024 15:20:25 GMT-0300 (Horário Padrão de Brasília)________________ 00574000066000051________________ "}
{"level":"debug","message":"________________ Fri Dec 06 2024 15:23:12 GMT-0300 (Horário Padrão de Brasília)________________ 00572000243000023________________ "}
{"level":"debug","message":"________________ Fri Dec 06 2024 15:23:24 GMT-0300 (Horário Padrão de Brasília)________________ 00572002518000017________________ "}
{"level":"debug","message":"________________ Fri Dec 06 2024 15:23:28 GMT-0300 (Horário Padrão de Brasília)________________ 00572002518000017________________ "}
{"level":"debug","message":"________________ Fri Dec 06 2024 15:23:50 GMT-0300 (Horário Padrão de Brasília)________________ 00574100015000018________________ "}
{"level":"debug","message":"________________ Fri Dec 06 2024 15:24:10 GMT-0300 (Horário Padrão de Brasília)________________ 00574101014000012________________ "}
{"level":"debug","message":"________________ Fri Dec 06 2024 15:24:33 GMT-0300 (Horário Padrão de Brasília)________________ 00574101014000012________________ "}
{"level":"debug","message":"________________ Fri Dec 06 2024 15:25:19 GMT-0300 (Horário Padrão de Brasília)________________ 005741________________ "}
{"level":"debug","message":"________________ Fri Dec 06 2024 15:25:41 GMT-0300 (Horário Padrão de Brasília)________________ 00574101014000012________________ "}
{"level":"debug","message":"________________ Fri Dec 06 2024 15:30:59 GMT-0300 (Horário Padrão de Brasília)________________ 00574500001001489________________ "}
{"level":"debug","message":"________________ Sat Dec 07 2024 10:52:23 GMT-0300 (Horário Padrão de Brasília)________________ 00574100236000010________________ "}
{"level":"debug","message":"________________ Sat Dec 07 2024 10:58:14 GMT-0300 (Horário Padrão de Brasília)________________ 00574100236000010________________ "}
{"level":"debug","message":"________________ Mon Dec 09 2024 10:50:07 GMT-0300 (Horário Padrão de Brasília)________________ 00574000297008074________________ "}
{"level":"debug","message":"________________ Mon Dec 09 2024 10:51:24 GMT-0300 (Horário Padrão de Brasília)________________ 00574000297008074________________ "}
{"level":"debug","message":"________________ Mon Dec 09 2024 12:29:06 GMT-0300 (Horário Padrão de Brasília)________________ 00574007889006066________________ "}
{"level":"debug","message":"________________ Mon Dec 09 2024 17:15:32 GMT-0300 (Horário Padrão de Brasília)________________ 00574008941005515________________ "}
{"level":"debug","message":"________________ Mon Dec 09 2024 17:16:40 GMT-0300 (Horário Padrão de Brasília)________________ 00574008941005515________________ "}
{"level":"debug","message":"________________ Tue Dec 10 2024 14:16:02 GMT-0300 (Horário Padrão de Brasília)________________ 00574008941005515________________ "}
{"level":"debug","message":"________________ Thu Dec 12 2024 15:54:33 GMT-0300 (Horário Padrão de Brasília)________________ 00574500001001489________________ "}
{"level":"debug","message":"________________ Thu Dec 12 2024 15:55:25 GMT-0300 (Horário Padrão de Brasília)________________ 00574500001001489________________ "}
{"level":"debug","message":"________________ Thu Dec 19 2024 12:44:33 GMT-0300 (Horário Padrão de Brasília)________________ 00574007889006252________________ "}
{"level":"debug","message":"________________ Thu Dec 19 2024 12:45:59 GMT-0300 (Horário Padrão de Brasília)________________ 00574007889006252________________ "}
{"level":"debug","message":"________________ Thu Dec 19 2024 12:46:16 GMT-0300 (Horário Padrão de Brasília)________________ 00574007889006252________________ "}
{"level":"debug","message":"________________ Sat Dec 21 2024 15:48:16 GMT-0300 (Horário Padrão de Brasília)________________ 00571000005000012________________ "}
{"level":"debug","message":"________________ Sat Dec 21 2024 15:53:34 GMT-0300 (Horário Padrão de Brasília)________________ 00571000005000012________________ "}
{"level":"debug","message":"________________ Sat Dec 21 2024 15:54:29 GMT-0300 (Horário Padrão de Brasília)________________ 00571000005000012________________ "}
{"level":"debug","message":"________________ Sat Dec 21 2024 15:54:46 GMT-0300 (Horário Padrão de Brasília)________________ 00571000005000012________________ "}
{"level":"debug","message":"________________ Mon Dec 23 2024 17:00:25 GMT-0300 (Horário Padrão de Brasília)________________ 00574000203000040________________ "}
{"level":"debug","message":"________________ Mon Dec 23 2024 17:03:22 GMT-0300 (Horário Padrão de Brasília)________________ 00574000203000040________________ "}
{"level":"debug","message":"________________ Mon Dec 23 2024 17:03:53 GMT-0300 (Horário Padrão de Brasília)________________ 00574000203000040________________ "}
{"level":"debug","message":"________________ Wed Dec 25 2024 02:01:52 GMT-0300 (Horário Padrão de Brasília)________________ 00572002801000014________________ "}
{"level":"debug","message":"________________ Wed Dec 25 2024 02:06:56 GMT-0300 (Horário Padrão de Brasília)________________ 00572002801000014________________ "}
{"level":"debug","message":"________________ Fri Dec 27 2024 10:22:14 GMT-0300 (Horário Padrão de Brasília)________________ 00574000004000147________________ "}
{"level":"debug","message":"________________ Fri Dec 27 2024 10:23:49 GMT-0300 (Horário Padrão de Brasília)________________ 00574000004000147________________ "}
{"level":"debug","message":"________________ Fri Dec 27 2024 10:27:11 GMT-0300 (Horário Padrão de Brasília)________________ 00574000004000147________________ "}
{"level":"debug","message":"________________ Mon Dec 30 2024 07:56:21 GMT-0300 (Horário Padrão de Brasília)________________ 00572002355000013________________ "}
{"level":"debug","message":"________________ Thu Jan 02 2025 11:02:18 GMT-0300 (Horário Padrão de Brasília)________________ 00574011722000020________________ "}
{"level":"debug","message":"________________ Thu Jan 02 2025 11:03:19 GMT-0300 (Horário Padrão de Brasília)________________ 00574011722000020________________ "}
{"level":"debug","message":"________________ Fri Jan 03 2025 13:00:17 GMT-0300 (Horário Padrão de Brasília)________________ 00574000297008074________________ "}
{"level":"debug","message":"________________ Fri Jan 03 2025 13:00:48 GMT-0300 (Horário Padrão de Brasília)________________ 00574000297008074________________ "}
{"level":"debug","message":"________________ Fri Jan 03 2025 18:33:13 GMT-0300 (Horário Padrão de Brasília)________________ 00574000004000147________________ "}
{"level":"debug","message":"________________ Fri Jan 03 2025 18:36:49 GMT-0300 (Horário Padrão de Brasília)________________ 00574000004000147________________ "}
{"level":"debug","message":"________________ Tue Jan 07 2025 18:13:01 GMT-0300 (Horário Padrão de Brasília)________________ 00574500004019664________________ "}
{"level":"debug","message":"________________ Tue Jan 07 2025 18:29:04 GMT-0300 (Horário Padrão de Brasília)________________ 00574500004019664________________ "}
{"level":"debug","message":"________________ Wed Jan 08 2025 11:19:13 GMT-0300 (Horário Padrão de Brasília)________________ 00572001072000014________________ "}
{"level":"debug","message":"________________ Fri Jan 10 2025 09:18:38 GMT-0300 (Horário Padrão de Brasília)________________ 00574500004020387________________ "}
{"level":"debug","message":"________________ Fri Jan 10 2025 15:23:49 GMT-0300 (Horário Padrão de Brasília)________________ 00574500004020387________________ "}
{"level":"debug","message":"________________ Fri Jan 10 2025 18:33:56 GMT-0300 (Horário Padrão de Brasília)________________ 00574500004020387________________ "}
{"level":"debug","message":"________________ Sun Jan 12 2025 12:39:35 GMT-0300 (Horário Padrão de Brasília)________________ 00572001585000017________________ "}
{"level":"debug","message":"________________ Sun Jan 12 2025 12:43:26 GMT-0300 (Horário Padrão de Brasília)________________ 00572001585000017________________ "}
{"level":"debug","message":"________________ Mon Jan 13 2025 18:54:27 GMT-0300 (Horário Padrão de Brasília)________________ 00574000004005149________________ "}
{"level":"debug","message":"________________ Tue Jan 14 2025 10:40:58 GMT-0300 (Horário Padrão de Brasília)________________ 00572001222000014________________ "}
{"level":"debug","message":"________________ Tue Jan 14 2025 10:41:19 GMT-0300 (Horário Padrão de Brasília)________________ 00572001222000014________________ "}
{"level":"debug","message":"________________ Wed Jan 15 2025 19:47:47 GMT-0300 (Horário Padrão de Brasília)________________ 00572001710000013________________ "}
{"level":"debug","message":"________________ Thu Jan 16 2025 11:00:25 GMT-0300 (Horário Padrão de Brasília)________________ 00572002248000010________________ "}
{"level":"debug","message":"________________ Sat Jan 25 2025 11:23:05 GMT-0300 (Horário Padrão de Brasília)________________ 00574008941001978________________ "}
{"level":"debug","message":"________________ Wed Jan 29 2025 12:46:16 GMT-0300 (Horário Padrão de Brasília)________________ 00572000208000012________________ "}
{"level":"debug","message":"________________ Thu Jan 30 2025 15:38:56 GMT-0300 (Horário Padrão de Brasília)________________ 00571000016900044________________ "}
{"level":"debug","message":"________________ Thu Jan 30 2025 15:41:04 GMT-0300 (Horário Padrão de Brasília)________________ 00571000016900044________________ "}
{"level":"debug","message":"________________ Fri Jan 31 2025 18:33:52 GMT-0300 (Horário Padrão de Brasília)________________ 00571000019100014________________ "}
{"level":"debug","message":"________________ Fri Jan 31 2025 20:42:35 GMT-0300 (Horário Padrão de Brasília)________________ 00572000448000017________________ "}
{"level":"debug","message":"________________ Sun Feb 02 2025 18:23:06 GMT-0300 (Horário Padrão de Brasília)________________ 00572001585000017________________ "}
{"level":"debug","message":"________________ Sun Feb 02 2025 18:29:25 GMT-0300 (Horário Padrão de Brasília)________________ 00572001585000017________________ "}
{"level":"debug","message":"________________ Sun Feb 02 2025 18:30:21 GMT-0300 (Horário Padrão de Brasília)________________ 00572001585000017________________ "}
{"level":"debug","message":"________________ Mon Feb 03 2025 10:48:18 GMT-0300 (Horário Padrão de Brasília)________________ 00574000369001720________________ "}
{"level":"debug","message":"________________ Mon Feb 03 2025 10:48:54 GMT-0300 (Horário Padrão de Brasília)________________ 00574000369001720________________ "}
{"level":"debug","message":"________________ Tue Feb 04 2025 09:19:57 GMT-0300 (Horário Padrão de Brasília)________________ 00574500004019664________________ "}
{"level":"debug","message":"________________ Tue Feb 04 2025 09:20:29 GMT-0300 (Horário Padrão de Brasília)________________ 00574500004019664________________ "}
{"level":"debug","message":"________________ Tue Feb 04 2025 11:47:55 GMT-0300 (Horário Padrão de Brasília)________________ 00572002629000015________________ "}
{"level":"debug","message":"________________ Tue Feb 04 2025 11:49:05 GMT-0300 (Horário Padrão de Brasília)________________ 00572002629000015________________ "}
{"level":"debug","message":"________________ Tue Feb 04 2025 11:49:23 GMT-0300 (Horário Padrão de Brasília)________________ 00572002629000015________________ "}
{"level":"debug","message":"________________ Tue Feb 04 2025 17:35:04 GMT-0300 (Horário Padrão de Brasília)________________ 00574000391000022________________ "}
{"level":"debug","message":"________________ Tue Feb 04 2025 17:35:58 GMT-0300 (Horário Padrão de Brasília)________________ 00574000391000022________________ "}
{"level":"debug","message":"________________ Tue Feb 04 2025 17:36:29 GMT-0300 (Horário Padrão de Brasília)________________ 00574000391000022________________ "}
{"level":"debug","message":"________________ Wed Feb 05 2025 10:15:54 GMT-0300 (Horário Padrão de Brasília)________________ 00574000391000022________________ "}
{"level":"debug","message":"________________ Wed Feb 05 2025 10:25:39 GMT-0300 (Horário Padrão de Brasília)________________ 00574000391000014________________ "}
{"level":"debug","message":"________________ Wed Feb 05 2025 10:26:13 GMT-0300 (Horário Padrão de Brasília)________________ 00574000391000014________________ "}
{"level":"debug","message":"________________ Thu Feb 06 2025 09:02:41 GMT-0300 (Horário Padrão de Brasília)________________ 00574000297008570________________ "}
{"level":"debug","message":"________________ Fri Feb 07 2025 14:40:07 GMT-0300 (Horário Padrão de Brasília)________________ 00574500004022207________________ "}
{"level":"debug","message":"________________ Fri Feb 07 2025 14:40:50 GMT-0300 (Horário Padrão de Brasília)________________ 00574500004022207________________ "}
{"level":"debug","message":"________________ Thu Feb 13 2025 09:54:57 GMT-0300 (Horário Padrão de Brasília)________________ 00574011431000015________________ "}
{"level":"debug","message":"________________ Thu Feb 13 2025 09:55:38 GMT-0300 (Horário Padrão de Brasília)________________ 00574011431000015________________ "}
{"level":"debug","message":"________________ Fri Feb 14 2025 08:37:03 GMT-0300 (Horário Padrão de Brasília)________________ 00574500001001462________________ "}
{"level":"debug","message":"________________ Wed Feb 19 2025 11:02:11 GMT-0300 (Horário Padrão de Brasília)________________ 00572001072000014________________ "}
{"level":"debug","message":"________________ Wed Feb 19 2025 11:06:29 GMT-0300 (Horário Padrão de Brasília)________________ 00572001072000014________________ "}
{"level":"debug","message":"________________ Fri Feb 21 2025 20:57:18 GMT-0300 (Horário Padrão de Brasília)________________ 00574000063002371________________ "}
{"level":"debug","message":"________________ Fri Feb 21 2025 20:57:41 GMT-0300 (Horário Padrão de Brasília)________________ 00574000063002371________________ "}
{"level":"debug","message":"________________ Fri Feb 21 2025 20:59:11 GMT-0300 (Horário Padrão de Brasília)________________ 00574000063002371________________ "}
{"level":"debug","message":"________________ Sun Feb 23 2025 14:53:09 GMT-0300 (Horário Padrão de Brasília)________________ 00574000593000031________________ "}
{"level":"debug","message":"________________ Sun Feb 23 2025 16:41:28 GMT-0300 (Horário Padrão de Brasília)________________ 00572001177000014________________ "}
{"level":"debug","message":"________________ Wed Feb 26 2025 09:31:46 GMT-0300 (Horário Padrão de Brasília)________________ 00574500004020387________________ "}
{"level":"debug","message":"________________ Wed Feb 26 2025 20:49:30 GMT-0300 (Horário Padrão de Brasília)________________ 00572001611000015________________ "}
{"level":"debug","message":"________________ Sat Mar 01 2025 09:54:56 GMT-0300 (Horário Padrão de Brasília)________________ 00573300001003653________________ "}
{"level":"debug","message":"________________ Sat Mar 01 2025 09:56:16 GMT-0300 (Horário Padrão de Brasília)________________ 00573300001003653________________ "}
{"level":"debug","message":"________________ Sat Mar 01 2025 09:57:34 GMT-0300 (Horário Padrão de Brasília)________________ 00573300001003653________________ "}
{"level":"debug","message":"________________ Wed Mar 05 2025 15:06:57 GMT-0300 (Horário Padrão de Brasília)________________ 00574100190000013________________ "}
{"level":"debug","message":"________________ Fri Mar 07 2025 14:45:48 GMT-0300 (Horário Padrão de Brasília)________________ 00574005492001220________________ "}
{"level":"debug","message":"________________ Fri Mar 07 2025 16:59:37 GMT-0300 (Horário Padrão de Brasília)________________ 00572002860000017________________ "}
{"level":"debug","message":"________________ Fri Mar 07 2025 17:59:08 GMT-0300 (Horário Padrão de Brasília)________________ 00572002368000017________________ "}
{"level":"debug","message":"________________ Fri Mar 07 2025 17:59:45 GMT-0300 (Horário Padrão de Brasília)________________ 00572002368000017________________ "}
{"level":"debug","message":"________________ Fri Mar 07 2025 18:00:44 GMT-0300 (Horário Padrão de Brasília)________________ 00572002368000017________________ "}
{"level":"debug","message":"________________ Fri Mar 07 2025 18:00:48 GMT-0300 (Horário Padrão de Brasília)________________ 00572002368000017________________ "}
{"level":"debug","message":"________________ Fri Mar 07 2025 18:01:06 GMT-0300 (Horário Padrão de Brasília)________________ 00572002368000017________________ "}
{"level":"debug","message":"________________ Fri Mar 07 2025 18:01:19 GMT-0300 (Horário Padrão de Brasília)________________ 00572002368000017________________ "}
{"level":"debug","message":"________________ Sat Mar 08 2025 19:25:05 GMT-0300 (Horário Padrão de Brasília)________________ 00572002368000017________________ "}
{"level":"debug","message":"________________ Sun Mar 09 2025 17:33:33 GMT-0300 (Horário Padrão de Brasília)________________ 00571000025300011________________ "}
{"level":"debug","message":"________________ Mon Mar 10 2025 08:06:15 GMT-0300 (Horário Padrão de Brasília)________________ 00574100317000010________________ "}
{"level":"debug","message":"________________ Mon Mar 10 2025 08:07:25 GMT-0300 (Horário Padrão de Brasília)________________ 00574100317000010________________ "}
{"level":"debug","message":"________________ Mon Mar 10 2025 08:11:25 GMT-0300 (Horário Padrão de Brasília)________________ 00571000008800010________________ "}
{"level":"debug","message":"________________ Mon Mar 10 2025 08:15:51 GMT-0300 (Horário Padrão de Brasília)________________ 00571000008800010________________ "}
{"level":"debug","message":"________________ Mon Mar 10 2025 08:16:45 GMT-0300 (Horário Padrão de Brasília)________________ 00571000008800010________________ "}
{"level":"debug","message":"________________ Mon Mar 10 2025 08:18:10 GMT-0300 (Horário Padrão de Brasília)________________ 00571000008800010________________ "}
{"level":"debug","message":"________________ Mon Mar 10 2025 12:43:18 GMT-0300 (Horário Padrão de Brasília)________________ 00572000330000013________________ "}
{"level":"debug","message":"________________ Mon Mar 10 2025 12:44:29 GMT-0300 (Horário Padrão de Brasília)________________ 00572000330000013________________ "}
{"level":"debug","message":"________________ Mon Mar 10 2025 16:01:21 GMT-0300 (Horário Padrão de Brasília)________________ 00574011759000023________________ "}
{"level":"debug","message":"________________ Mon Mar 10 2025 18:09:56 GMT-0300 (Horário Padrão de Brasília)________________ 00572001284000018________________ "}
{"level":"debug","message":"________________ Mon Mar 10 2025 18:12:41 GMT-0300 (Horário Padrão de Brasília)________________ 00572002856000016________________ "}
{"level":"debug","message":"________________ Mon Mar 10 2025 21:35:41 GMT-0300 (Horário Padrão de Brasília)________________ 00571000012100019________________ "}
{"level":"debug","message":"________________ Wed Mar 12 2025 07:11:45 GMT-0300 (Horário Padrão de Brasília)________________ 00572002368000017________________ "}
{"level":"debug","message":"________________ Wed Mar 12 2025 07:13:47 GMT-0300 (Horário Padrão de Brasília)________________ 00572002368000017________________ "}
{"level":"debug","message":"________________ Fri Mar 14 2025 18:56:52 GMT-0300 (Horário Padrão de Brasília)________________ 00572000118000013________________ "}
{"level":"debug","message":"________________ Sun Mar 16 2025 13:57:30 GMT-0300 (Horário Padrão de Brasília)________________ 00574008941001978________________ "}
{"level":"debug","message":"________________ Sun Mar 16 2025 16:01:36 GMT-0300 (Horário Padrão de Brasília)________________ 00572002213000013________________ "}
{"level":"debug","message":"________________ Mon Mar 17 2025 16:24:30 GMT-0300 (Horário Padrão de Brasília)________________ 00572000423000013________________ "}
{"level":"debug","message":"________________ Mon Mar 17 2025 16:25:34 GMT-0300 (Horário Padrão de Brasília)________________ 00572000423000013________________ "}
{"level":"debug","message":"________________ Tue Mar 18 2025 09:46:23 GMT-0300 (Horário Padrão de Brasília)________________ 00572000243000023________________ "}
{"level":"debug","message":"________________ Tue Mar 18 2025 12:58:30 GMT-0300 (Horário Padrão de Brasília)________________ 00572001072000014________________ "}
{"level":"debug","message":"________________ Tue Mar 18 2025 12:59:44 GMT-0300 (Horário Padrão de Brasília)________________ 00572001072000014________________ "}
{"level":"debug","message":"________________ Tue Mar 18 2025 13:00:09 GMT-0300 (Horário Padrão de Brasília)________________ 00572001072000014________________ "}
{"level":"debug","message":"________________ Tue Mar 18 2025 13:00:10 GMT-0300 (Horário Padrão de Brasília)________________ 00572001072000014________________ "}
{"level":"debug","message":"________________ Tue Mar 18 2025 14:29:03 GMT-0300 (Horário Padrão de Brasília)________________ 00574500001000547________________ "}
{"level":"debug","message":"________________ Wed Mar 19 2025 10:14:15 GMT-0300 (Horário Padrão de Brasília)________________ 00571000008800010________________ "}
{"level":"debug","message":"________________ Wed Mar 19 2025 10:42:22 GMT-0300 (Horário Padrão de Brasília)________________ 00574500001000849________________ "}
{"level":"debug","message":"________________ Wed Mar 19 2025 10:43:49 GMT-0300 (Horário Padrão de Brasília)________________ 00574500001000849________________ "}
{"level":"debug","message":"________________ Wed Mar 19 2025 18:30:56 GMT-0300 (Horário Padrão de Brasília)________________ 00574100016000011________________ "}
{"level":"debug","message":"________________ Wed Mar 19 2025 18:33:09 GMT-0300 (Horário Padrão de Brasília)________________ 00574100016000011________________ "}
{"level":"debug","message":"________________ Wed Mar 19 2025 18:36:28 GMT-0300 (Horário Padrão de Brasília)________________ 00574100016000011________________ "}
{"level":"debug","message":"________________ Wed Mar 19 2025 18:37:39 GMT-0300 (Horário Padrão de Brasília)________________ 00574100016000011________________ "}
{"level":"debug","message":"________________ Wed Mar 19 2025 18:38:04 GMT-0300 (Horário Padrão de Brasília)________________ 00574100016000011________________ "}
{"level":"debug","message":"________________ Wed Mar 19 2025 20:58:27 GMT-0300 (Horário Padrão de Brasília)________________ 00572001712000010________________ "}
{"level":"debug","message":"________________ Sat Mar 22 2025 08:23:51 GMT-0300 (Horário Padrão de Brasília)________________ 00572001504000011________________ "}
{"level":"debug","message":"________________ Sat Mar 22 2025 08:25:25 GMT-0300 (Horário Padrão de Brasília)________________ 00572001504000011________________ "}
{"level":"debug","message":"________________ Sat Mar 22 2025 17:19:40 GMT-0300 (Horário Padrão de Brasília)________________ 00571000032000010________________ "}
{"level":"debug","message":"________________ Mon Mar 24 2025 10:18:18 GMT-0300 (Horário Padrão de Brasília)________________ 00574008941001978________________ "}
{"level":"debug","message":"________________ Mon Mar 24 2025 10:20:47 GMT-0300 (Horário Padrão de Brasília)________________ 00574008941001978________________ "}
{"level":"debug","message":"________________ Mon Mar 24 2025 12:22:45 GMT-0300 (Horário Padrão de Brasília)________________ 00574500001002060________________ "}
{"level":"debug","message":"________________ Mon Mar 24 2025 12:25:44 GMT-0300 (Horário Padrão de Brasília)________________ 00574500001002060________________ "}
{"level":"debug","message":"________________ Mon Mar 24 2025 12:54:10 GMT-0300 (Horário Padrão de Brasília)________________ 00574500001002060________________ "}
{"level":"debug","message":"________________ Mon Mar 24 2025 23:10:55 GMT-0300 (Horário Padrão de Brasília)________________ 00572002792000010________________ "}
{"level":"debug","message":"________________ Wed Mar 26 2025 07:20:48 GMT-0300 (Horário Padrão de Brasília)________________ 00574100228000015________________ "}
{"level":"debug","message":"________________ Wed Mar 26 2025 09:48:05 GMT-0300 (Horário Padrão de Brasília)________________ 00574100236000010________________ "}
{"level":"debug","message":"________________ Sun Mar 30 2025 13:19:08 GMT-0300 (Horário Padrão de Brasília)________________ 00574011532000908________________ "}
{"level":"debug","message":"________________ Sun Mar 30 2025 13:19:39 GMT-0300 (Horário Padrão de Brasília)________________ 00574011532000908________________ "}
{"level":"debug","message":"________________ Mon Mar 31 2025 08:25:05 GMT-0300 (Horário Padrão de Brasília)________________ 00572000850000018________________ "}
{"level":"debug","message":"________________ Mon Mar 31 2025 08:40:00 GMT-0300 (Horário Padrão de Brasília)________________ 00572000850000018________________ "}
{"level":"debug","message":"________________ Mon Mar 31 2025 12:51:22 GMT-0300 (Horário Padrão de Brasília)________________ 00572001689000013________________ "}
{"level":"debug","message":"________________ Mon Mar 31 2025 15:53:49 GMT-0300 (Horário Padrão de Brasília)________________ 00571000008800010________________ "}
{"level":"debug","message":"________________ Tue Apr 01 2025 09:09:42 GMT-0300 (Horário Padrão de Brasília)________________ 00574008941001978________________ "}
{"level":"debug","message":"________________ Tue Apr 01 2025 09:37:16 GMT-0300 (Horário Padrão de Brasília)________________ 00574007889003440________________ "}
{"level":"debug","message":"________________ Tue Apr 01 2025 13:15:51 GMT-0300 (Horário Padrão de Brasília)________________ 00573300001000859________________ "}
{"level":"debug","message":"________________ Tue Apr 01 2025 14:05:56 GMT-0300 (Horário Padrão de Brasília)________________ 00572001023000022________________ "}
{"level":"debug","message":"________________ Tue Apr 01 2025 14:16:54 GMT-0300 (Horário Padrão de Brasília)________________ 00572002591000013________________ "}
{"level":"debug","message":"________________ Wed Apr 02 2025 10:29:41 GMT-0300 (Horário Padrão de Brasília)________________ 00574500001000849________________ "}
{"level":"debug","message":"________________ Wed Apr 02 2025 11:09:43 GMT-0300 (Horário Padrão de Brasília)________________ 00572000391000013________________ "}
{"level":"debug","message":"________________ Wed Apr 02 2025 11:10:28 GMT-0300 (Horário Padrão de Brasília)________________ 00572000391000013________________ "}
{"level":"debug","message":"________________ Wed Apr 02 2025 15:40:45 GMT-0300 (Horário Padrão de Brasília)________________ 00574100221000010________________ "}
{"level":"debug","message":"________________ Wed Apr 02 2025 15:42:16 GMT-0300 (Horário Padrão de Brasília)________________ 00574100221000010________________ "}
{"level":"debug","message":"________________ Fri Apr 04 2025 14:34:52 GMT-0300 (Horário Padrão de Brasília)________________ 00572002591000013________________ "}
{"level":"debug","message":"________________ Fri Apr 04 2025 16:40:24 GMT-0300 (Horário Padrão de Brasília)________________ 00574000297008562________________ "}
{"level":"debug","message":"________________ Sat Apr 05 2025 21:21:31 GMT-0300 (Horário Padrão de Brasília)________________ 00574011532000908________________ "}
{"level":"debug","message":"________________ Sat Apr 05 2025 21:21:42 GMT-0300 (Horário Padrão de Brasília)________________ 00574011532000908________________ "}
{"level":"debug","message":"________________ Sun Apr 06 2025 14:57:57 GMT-0300 (Horário Padrão de Brasília)________________ 00571000026800018________________ "}
{"level":"debug","message":"________________ Sun Apr 06 2025 15:02:32 GMT-0300 (Horário Padrão de Brasília)________________ 00571000026800018________________ "}
{"level":"debug","message":"________________ Mon Apr 07 2025 17:26:27 GMT-0300 (Horário Padrão de Brasília)________________ 00574012135000039________________ "}
{"level":"debug","message":"________________ Wed Apr 09 2025 09:34:42 GMT-0300 (Horário Padrão de Brasília)________________ 00574011532000908________________ "}
{"level":"debug","message":"________________ Wed Apr 09 2025 09:35:19 GMT-0300 (Horário Padrão de Brasília)________________ 00574011532000908________________ "}
{"level":"debug","message":"________________ Wed Apr 09 2025 09:39:04 GMT-0300 (Horário Padrão de Brasília)________________ 00574011532000908________________ "}
{"level":"debug","message":"________________ Wed Apr 09 2025 10:21:57 GMT-0300 (Horário Padrão de Brasília)________________ 00574000794001906________________ "}
{"level":"debug","message":"________________ Wed Apr 09 2025 10:24:03 GMT-0300 (Horário Padrão de Brasília)________________ 00574000794001906________________ "}
{"level":"debug","message":"________________ Wed Apr 09 2025 10:31:32 GMT-0300 (Horário Padrão de Brasília)________________ 00574000794001906________________ "}
{"level":"debug","message":"________________ Wed Apr 09 2025 18:12:40 GMT-0300 (Horário Padrão de Brasília)________________ 00572000849000018________________ "}
{"level":"debug","message":"________________ Wed Apr 09 2025 18:20:53 GMT-0300 (Horário Padrão de Brasília)________________ 00572000849000018________________ "}
{"level":"debug","message":"________________ Wed Apr 09 2025 19:19:31 GMT-0300 (Horário Padrão de Brasília)________________ 00572000618000020________________ "}
{"level":"debug","message":"________________ Thu Apr 10 2025 14:59:17 GMT-0300 (Horário Padrão de Brasília)________________ 00572001737000014________________ "}
{"level":"debug","message":"________________ Fri Apr 11 2025 08:07:05 GMT-0300 (Horário Padrão de Brasília)________________ 00574000063002363________________ "}
{"level":"debug","message":"________________ Fri Apr 11 2025 08:22:00 GMT-0300 (Horário Padrão de Brasília)________________ 00574000063002363________________ "}
{"level":"debug","message":"________________ Fri Apr 11 2025 08:22:09 GMT-0300 (Horário Padrão de Brasília)________________ 00574000063002363________________ "}
{"level":"debug","message":"________________ Sat Apr 12 2025 12:53:19 GMT-0300 (Horário Padrão de Brasília)________________ 00572000618000020________________ "}
{"level":"debug","message":"________________ Mon Apr 14 2025 10:22:34 GMT-0300 (Horário Padrão de Brasília)________________ 00574005492001220________________ "}
{"level":"debug","message":"________________ Mon Apr 14 2025 10:52:00 GMT-0300 (Horário Padrão de Brasília)________________ 00574000251000380________________ "}
{"level":"debug","message":"________________ Mon Apr 14 2025 11:40:23 GMT-0300 (Horário Padrão de Brasília)________________ 00574005492001220________________ "}
{"level":"debug","message":"________________ Mon Apr 14 2025 13:24:48 GMT-0300 (Horário Padrão de Brasília)________________ 00572001284000018________________ "}
{"level":"debug","message":"________________ Mon Apr 14 2025 15:29:58 GMT-0300 (Horário Padrão de Brasília)________________ 00571000003700017________________ "}
{"level":"debug","message":"________________ Mon Apr 14 2025 16:48:29 GMT-0300 (Horário Padrão de Brasília)________________ 00572001327000014________________ "}
{"level":"debug","message":"________________ Wed Apr 16 2025 14:43:02 GMT-0300 (Horário Padrão de Brasília)________________ 00571000019200019________________ "}
{"level":"debug","message":"________________ Wed Apr 16 2025 16:24:56 GMT-0300 (Horário Padrão de Brasília)________________ 00571000024100019________________ "}
{"level":"debug","message":"________________ Wed Apr 16 2025 16:25:48 GMT-0300 (Horário Padrão de Brasília)________________ 00571000024100019________________ "}
{"level":"debug","message":"________________ Fri Apr 18 2025 16:42:41 GMT-0300 (Horário Padrão de Brasília)________________ 00572002688000018________________ "}
{"level":"debug","message":"________________ Fri Apr 18 2025 16:58:23 GMT-0300 (Horário Padrão de Brasília)________________ 00572002688000018________________ "}
{"level":"debug","message":"________________ Fri Apr 18 2025 16:58:55 GMT-0300 (Horário Padrão de Brasília)________________ 00572002688000018________________ "}
{"level":"debug","message":"________________ Fri Apr 18 2025 16:59:11 GMT-0300 (Horário Padrão de Brasília)________________ 00572002688000018________________ "}
{"level":"debug","message":"________________ Sun Apr 20 2025 18:31:43 GMT-0300 (Horário Padrão de Brasília)________________ 00572000103000020________________ "}
{"level":"debug","message":"________________ Mon Apr 21 2025 13:37:39 GMT-0300 (Horário Padrão de Brasília)________________ 00572002870000010________________ "}
{"level":"debug","message":"________________ Mon Apr 21 2025 16:21:13 GMT-0300 (Horário Padrão de Brasília)________________ 00572001082000017________________ "}
{"level":"debug","message":"________________ Tue Apr 22 2025 11:11:54 GMT-0300 (Horário Padrão de Brasília)________________ 00572000242000011________________ "}
{"level":"debug","message":"________________ Tue Apr 22 2025 11:42:09 GMT-0300 (Horário Padrão de Brasília)________________ 00572000242000011________________ "}
{"level":"debug","message":"________________ Tue Apr 22 2025 11:43:47 GMT-0300 (Horário Padrão de Brasília)________________ 00572000242000011________________ "}
{"level":"debug","message":"________________ Wed Apr 23 2025 09:19:42 GMT-0300 (Horário Padrão de Brasília)________________ 00574500001001489________________ "}
{"level":"debug","message":"________________ Wed Apr 23 2025 14:31:46 GMT-0300 (Horário Padrão de Brasília)________________ 00572001582000016________________ "}
{"level":"debug","message":"________________ Thu Apr 24 2025 13:22:24 GMT-0300 (Horário Padrão de Brasília)________________ 00574005741004472________________ "}
{"level":"debug","message":"________________ Sun Apr 27 2025 01:01:34 GMT-0300 (Horário Padrão de Brasília)________________ 00574008941007461________________ "}
{"level":"debug","message":"________________ Mon Apr 28 2025 15:25:18 GMT-0300 (Horário Padrão de Brasília)________________ 00574000297008570________________ "}
{"level":"debug","message":"________________ Mon Apr 28 2025 17:39:15 GMT-0300 (Horário Padrão de Brasília)________________ 00574000297008570________________ "}
{"level":"debug","message":"________________ Mon Apr 28 2025 18:48:09 GMT-0300 (Horário Padrão de Brasília)________________ 00572002387000019________________ "}
{"level":"debug","message":"________________ Mon Apr 28 2025 18:51:20 GMT-0300 (Horário Padrão de Brasília)________________ 00572002387000019________________ "}
{"level":"debug","message":"________________ Tue Apr 29 2025 12:25:17 GMT-0300 (Horário Padrão de Brasília)________________ 00572001514000014________________ "}
{"level":"debug","message":"________________ Fri May 02 2025 14:23:49 GMT-0300 (Horário Padrão de Brasília)________________ 00573300001000980________________ "}
{"level":"debug","message":"________________ Fri May 02 2025 14:24:38 GMT-0300 (Horário Padrão de Brasília)________________ 00573300001000980________________ "}
{"level":"debug","message":"________________ Fri May 02 2025 15:26:29 GMT-0300 (Horário Padrão de Brasília)________________ 00572000502000016________________ "}
{"level":"debug","message":"________________ Sat May 03 2025 12:08:52 GMT-0300 (Horário Padrão de Brasília)________________ 00572002355000013________________ "}
{"level":"debug","message":"________________ Mon May 05 2025 18:21:34 GMT-0300 (Horário Padrão de Brasília)________________ 00571000032300013________________ "}
{"level":"debug","message":"________________ Tue May 06 2025 11:05:45 GMT-0300 (Horário Padrão de Brasília)________________ 00574000297009011________________ "}
{"level":"debug","message":"________________ Tue May 06 2025 11:08:03 GMT-0300 (Horário Padrão de Brasília)________________ 00574000297009011________________ "}
{"level":"debug","message":"________________ Wed May 07 2025 12:03:13 GMT-0300 (Horário Padrão de Brasília)________________ 00574011431000015________________ "}
{"level":"debug","message":"________________ Wed May 07 2025 12:03:54 GMT-0300 (Horário Padrão de Brasília)________________ 00574011431000015________________ "}
{"level":"debug","message":"________________ Wed May 07 2025 12:28:12 GMT-0300 (Horário Padrão de Brasília)________________ 00571000015300019________________ "}
{"level":"debug","message":"________________ Wed May 07 2025 12:29:21 GMT-0300 (Horário Padrão de Brasília)________________ 00571000015300019________________ "}
{"level":"debug","message":"________________ Wed May 07 2025 17:28:13 GMT-0300 (Horário Padrão de Brasília)________________ 00571000015300019________________ "}
{"level":"debug","message":"________________ Wed May 07 2025 17:30:50 GMT-0300 (Horário Padrão de Brasília)________________ 00571000015300019________________ "}
{"level":"debug","message":"________________ Wed May 07 2025 17:31:29 GMT-0300 (Horário Padrão de Brasília)________________ 00571000015300019________________ "}
{"level":"debug","message":"________________ Thu May 08 2025 22:13:08 GMT-0300 (Horário Padrão de Brasília)________________ 00574000794000241________________ "}
{"level":"debug","message":"________________ Thu May 08 2025 22:14:25 GMT-0300 (Horário Padrão de Brasília)________________ 00574000794000241________________ "}
{"level":"debug","message":"________________ Thu May 08 2025 22:14:36 GMT-0300 (Horário Padrão de Brasília)________________ 00574000794000241________________ "}
{"level":"debug","message":"________________ Thu May 08 2025 22:14:59 GMT-0300 (Horário Padrão de Brasília)________________ 00574000794000241________________ "}
{"level":"debug","message":"________________ Fri May 09 2025 14:13:34 GMT-0300 (Horário Padrão de Brasília)________________ 00572000353000010________________ "}
{"level":"debug","message":"________________ Sun May 11 2025 18:52:08 GMT-0300 (Horário Padrão de Brasília)________________ 00572001506000019________________ "}
{"level":"debug","message":"________________ Sun May 11 2025 18:52:37 GMT-0300 (Horário Padrão de Brasília)________________ 00572001506000019________________ "}
{"level":"debug","message":"________________ Tue May 13 2025 09:43:18 GMT-0300 (Horário Padrão de Brasília)________________ 00572000118000013________________ "}
{"level":"debug","message":"________________ Tue May 13 2025 21:41:07 GMT-0300 (Horário Padrão de Brasília)________________ 00574000369001720________________ "}
{"level":"debug","message":"________________ Tue May 13 2025 22:43:30 GMT-0300 (Horário Padrão de Brasília)________________ 00572001039000027________________ "}
{"level":"debug","message":"________________ Wed May 14 2025 08:40:28 GMT-0300 (Horário Padrão de Brasília)________________ 00574013477000359________________ "}
{"level":"debug","message":"________________ Wed May 14 2025 08:41:12 GMT-0300 (Horário Padrão de Brasília)________________ 00574013477000359________________ "}
{"level":"debug","message":"________________ Wed May 14 2025 16:23:22 GMT-0300 (Horário Padrão de Brasília)________________ 00574013477000359________________ "}
{"level":"debug","message":"________________ Wed May 14 2025 19:55:34 GMT-0300 (Horário Padrão de Brasília)________________ 00572002494000012________________ "}
{"level":"debug","message":"________________ Wed May 14 2025 20:13:43 GMT-0300 (Horário Padrão de Brasília)________________ 00571000007500012________________ "}
{"level":"debug","message":"________________ Thu May 15 2025 17:08:28 GMT-0300 (Horário Padrão de Brasília)________________ 00574100352000013________________ "}
{"level":"debug","message":"________________ Sat May 17 2025 12:31:50 GMT-0300 (Horário Padrão de Brasília)________________ 00574000297007612________________ "}
{"level":"debug","message":"________________ Sat May 17 2025 12:46:55 GMT-0300 (Horário Padrão de Brasília)________________ 00574000297007612________________ "}
{"level":"debug","message":"________________ Sun May 18 2025 19:42:23 GMT-0300 (Horário Padrão de Brasília)________________ 00574100375000010________________ "}
{"level":"debug","message":"________________ Mon May 19 2025 09:30:29 GMT-0300 (Horário Padrão de Brasília)________________ 00574008941006317________________ "}
{"level":"debug","message":"________________ Mon May 19 2025 09:31:36 GMT-0300 (Horário Padrão de Brasília)________________ 00574008941006317________________ "}
{"level":"debug","message":"________________ Tue May 20 2025 15:33:36 GMT-0300 (Horário Padrão de Brasília)________________ 00574005741004308________________ "}
{"level":"debug","message":"________________ Tue May 20 2025 15:54:46 GMT-0300 (Horário Padrão de Brasília)________________ 00572002948000012________________ "}
{"level":"debug","message":"________________ Tue May 20 2025 15:58:48 GMT-0300 (Horário Padrão de Brasília)________________ 00572002948000012________________ "}
{"level":"debug","message":"________________ Tue May 20 2025 15:59:10 GMT-0300 (Horário Padrão de Brasília)________________ 00572002948000012________________ "}
{"level":"debug","message":"________________ Tue May 20 2025 15:59:27 GMT-0300 (Horário Padrão de Brasília)________________ 00572002948000012________________ "}
{"level":"debug","message":"________________ Tue May 20 2025 15:59:49 GMT-0300 (Horário Padrão de Brasília)________________ 00572002948000012________________ "}
{"level":"debug","message":"________________ Tue May 20 2025 17:22:06 GMT-0300 (Horário Padrão de Brasília)________________ 00574000297008570________________ "}
{"level":"debug","message":"________________ Tue May 20 2025 18:05:03 GMT-0300 (Horário Padrão de Brasília)________________ 00572001101000013________________ "}
{"level":"debug","message":"________________ Tue May 20 2025 18:09:18 GMT-0300 (Horário Padrão de Brasília)________________ 00572001101000013________________ "}
{"level":"debug","message":"________________ Wed May 21 2025 14:39:22 GMT-0300 (Horário Padrão de Brasília)________________ 00574013477000103________________ "}
{"level":"debug","message":"________________ Wed May 21 2025 16:15:30 GMT-0300 (Horário Padrão de Brasília)________________ 00574000556000015________________ "}
{"level":"debug","message":"________________ Wed May 21 2025 16:16:09 GMT-0300 (Horário Padrão de Brasília)________________ 00574000556000015________________ "}
{"level":"debug","message":"________________ Thu May 22 2025 10:08:02 GMT-0300 (Horário Padrão de Brasília)________________ 00574500001001489________________ "}
{"level":"debug","message":"________________ Thu May 22 2025 15:05:35 GMT-0300 (Horário Padrão de Brasília)________________ 00574500001001004________________ "}
{"level":"debug","message":"________________ Thu May 22 2025 15:08:42 GMT-0300 (Horário Padrão de Brasília)________________ 00574500001001004________________ "}
{"level":"debug","message":"________________ Thu May 22 2025 15:09:15 GMT-0300 (Horário Padrão de Brasília)________________ 00574500001001004________________ "}
{"level":"debug","message":"________________ Thu May 22 2025 15:09:56 GMT-0300 (Horário Padrão de Brasília)________________ 00574500001001004________________ "}
{"level":"debug","message":"________________ Thu May 22 2025 15:10:57 GMT-0300 (Horário Padrão de Brasília)________________ 00574500001001004________________ "}
{"level":"debug","message":"________________ Fri May 23 2025 09:22:17 GMT-0300 (Horário Padrão de Brasília)________________ 00571000002500014________________ "}
{"level":"debug","message":"________________ Fri May 23 2025 10:21:55 GMT-0300 (Horário Padrão de Brasília)________________ 00572000017000018________________ "}
{"level":"debug","message":"________________ Fri May 23 2025 10:22:29 GMT-0300 (Horário Padrão de Brasília)________________ 00572000017000018________________ "}
{"level":"debug","message":"________________ Sat May 24 2025 09:15:58 GMT-0300 (Horário Padrão de Brasília)________________ 00574008941006317________________ "}
{"level":"debug","message":"________________ Mon May 26 2025 16:29:58 GMT-0300 (Horário Padrão de Brasília)________________ 00572001692000010________________ "}
{"level":"debug","message":"________________ Tue May 27 2025 08:47:55 GMT-0300 (Horário Padrão de Brasília)________________ 00572002508000014________________ "}
{"level":"debug","message":"________________ Wed May 28 2025 21:18:20 GMT-0300 (Horário Padrão de Brasília)________________ 00572001158000012________________ "}
{"level":"debug","message":"________________ Thu May 29 2025 19:52:40 GMT-0300 (Horário Padrão de Brasília)________________ 00574000297008562________________ "}
{"level":"debug","message":"________________ Thu May 29 2025 19:53:27 GMT-0300 (Horário Padrão de Brasília)________________ 00574000297008562________________ "}
{"level":"debug","message":"________________ Fri May 30 2025 12:59:57 GMT-0300 (Horário Padrão de Brasília)________________ 00574007889005485________________ "}
{"level":"debug","message":"________________ Fri May 30 2025 13:00:59 GMT-0300 (Horário Padrão de Brasília)________________ 00574007889005485________________ "}
{"level":"debug","message":"________________ Fri May 30 2025 13:01:53 GMT-0300 (Horário Padrão de Brasília)________________ 00574007889005485________________ "}
{"level":"debug","message":"________________ Sat May 31 2025 14:28:08 GMT-0300 (Horário Padrão de Brasília)________________ 00572001101000013________________ "}
{"level":"debug","message":"________________ Sat May 31 2025 14:29:41 GMT-0300 (Horário Padrão de Brasília)________________ 00572001101000013________________ "}
{"level":"debug","message":"________________ Sun Jun 01 2025 11:10:56 GMT-0300 (Horário Padrão de Brasília)________________ 00574008941001781________________ "}
{"level":"debug","message":"________________ Sun Jun 01 2025 11:15:44 GMT-0300 (Horário Padrão de Brasília)________________ 00574008941001781________________ "}
{"level":"debug","message":"________________ Sun Jun 01 2025 11:20:03 GMT-0300 (Horário Padrão de Brasília)________________ 00574008941001781________________ "}
{"level":"debug","message":"________________ Wed Jun 04 2025 12:37:25 GMT-0300 (Horário Padrão de Brasília)________________ 00574005492000312________________ "}
{"level":"debug","message":"________________ Wed Jun 04 2025 12:39:29 GMT-0300 (Horário Padrão de Brasília)________________ 00574005492000312________________ "}
{"level":"debug","message":"________________ Wed Jun 04 2025 12:40:47 GMT-0300 (Horário Padrão de Brasília)________________ 00574005492000312________________ "}
{"level":"debug","message":"________________ Sat Jun 07 2025 10:57:55 GMT-0300 (Horário Padrão de Brasília)________________ 00572001284000018________________ "}
{"level":"debug","message":"________________ Sun Jun 08 2025 12:10:36 GMT-0300 (Horário Padrão de Brasília)________________ 00574008941005515________________ "}
{"level":"debug","message":"________________ Fri Jun 13 2025 10:26:00 GMT-0300 (Horário Padrão de Brasília)________________ 00572000243000023________________ "}
{"level":"debug","message":"________________ Fri Jun 13 2025 10:41:11 GMT-0300 (Horário Padrão de Brasília)________________ 00572000243000023________________ "}
{"level":"debug","message":"________________ Sat Jun 14 2025 19:51:58 GMT-0300 (Horário Padrão de Brasília)________________ 00572001158000012________________ "}
{"level":"debug","message":"________________ Mon Jun 16 2025 16:00:39 GMT-0300 (Horário Padrão de Brasília)________________ 00572001723000017________________ "}
{"level":"debug","message":"________________ Mon Jun 16 2025 17:02:41 GMT-0300 (Horário Padrão de Brasília)________________ 00574013990000013________________ "}
{"level":"debug","message":"________________ Mon Jun 16 2025 17:05:32 GMT-0300 (Horário Padrão de Brasília)________________ 00574013990000013________________ "}
{"level":"debug","message":"________________ Mon Jun 16 2025 17:08:26 GMT-0300 (Horário Padrão de Brasília)________________ 00574013990000013________________ "}
{"level":"debug","message":"________________ Mon Jun 16 2025 17:23:41 GMT-0300 (Horário Padrão de Brasília)________________ 00574013990000013________________ "}
{"level":"debug","message":"________________ Mon Jun 16 2025 17:24:59 GMT-0300 (Horário Padrão de Brasília)________________ 00574013990000013________________ "}
{"level":"debug","message":"________________ Tue Jun 17 2025 16:08:12 GMT-0300 (Horário Padrão de Brasília)________________ 00574012806000029________________ "}
{"level":"debug","message":"________________ Fri Jun 20 2025 08:48:10 GMT-0300 (Horário Padrão de Brasília)________________ 00574500001001489________________ "}
